<?xml version="1.0" encoding="UTF-8"?>
<!-- Generated by org.testng.reporters.JUnitReportReporter -->
<testsuite skipped="0" hostname="DESKTOP-L2TTMOS" name="com.Selfdrvn.myAppiumProject.AppTest" tests="1" failures="0" timestamp="22 Nov 2019 04:40:32 GMT" time="49.836" errors="0">
  <testcase name="myFirstTest" time="49.836" classname="com.Selfdrvn.myAppiumProject.AppTest"/>
</testsuite> <!-- com.Selfdrvn.myAppiumProject.AppTest -->
